# JRE version: OpenJDK Runtime Environment Temurin-21.0.10+7 (21.0.10+7) (build 21.0.10+7-LTS)
# Java VM: OpenJDK 64-Bit Server VM Temurin-21.0.10+7 (21.0.10+7-LTS, mixed mode, sharing, tiered, compressed oops, compressed class ptrs, parallel gc, windows-amd64)
GC Precious Log:
 CardTable entry size: 512
 CPUs: 8 total, 8 available
 Memory: 3955M
 Large Page Support: Disabled
 NUMA Support: Disabled
 Compressed Oops: Enabled (32-bit)
 Alignments: Space 512K, Generation 512K, Heap 2M
 Heap Min Capacity: 100M
 Heap Initial Capacity: 100M
 Heap Max Capacity: 2G
 Pre-touch: Disabled
 Parallel Workers: 8
Heap:
 PSYoungGen      total 6656K, used 270K [0x00000000d5580000, 0x00000000d5e00000, 0x0000000100000000)
  eden space 6144K, 0% used [0x00000000d5580000,0x00000000d5580000,0x00000000d5b80000)
  from space 512K, 52% used [0x00000000d5d80000,0x00000000d5dc3878,0x00000000d5e00000)
  to   space 512K, 0% used [0x00000000d5d00000,0x00000000d5d00000,0x00000000d5d80000)
 ParOldGen       total 147968K, used 147863K [0x0000000080000000, 0x0000000089080000, 0x00000000d5580000)
  object space 147968K, 99% used [0x0000000080000000,0x0000000089065ef0,0x0000000089080000)
 Metaspace       used 77979K, committed 79680K, reserved 1179648K
  class space    used 8115K, committed 8832K, reserved 1048576K
GC Heap History (20 events):
Event: 196.053 GC heap after
{Heap after GC invocations=154 (full 3):
 PSYoungGen      total 8704K, used 1248K [0x00000000d5580000, 0x00000000d5f80000, 0x0000000100000000)
  eden space 7168K, 0% used [0x00000000d5580000,0x00000000d5580000,0x00000000d5c80000)
  from space 1536K, 81% used [0x00000000d5c80000,0x00000000d5db8010,0x00000000d5e00000)
  to   space 1536K, 0% used [0x00000000d5e00000,0x00000000d5e00000,0x00000000d5f80000)
 ParOldGen       total 140288K, used 140232K [0x0000000080000000, 0x0000000088900000, 0x00000000d5580000)
  object space 140288K, 99% used [0x0000000080000000,0x00000000888f23f8,0x0000000088900000)
 Metaspace       used 76570K, committed 78272K, reserved 1179648K
  class space    used 7935K, committed 8640K, reserved 1048576K
}
Event: 196.298 GC heap before
{Heap before GC invocations=155 (full 3):
 PSYoungGen      total 8704K, used 8416K [0x00000000d5580000, 0x00000000d5f80000, 0x0000000100000000)
  eden space 7168K, 100% used [0x00000000d5580000,0x00000000d5c80000,0x00000000d5c80000)
  from space 1536K, 81% used [0x00000000d5c80000,0x00000000d5db8010,0x00000000d5e00000)
  to   space 1536K, 0% used [0x00000000d5e00000,0x00000000d5e00000,0x00000000d5f80000)
 ParOldGen       total 140288K, used 140232K [0x0000000080000000, 0x0000000088900000, 0x00000000d5580000)
  object space 140288K, 99% used [0x0000000080000000,0x00000000888f23f8,0x0000000088900000)
 Metaspace       used 76887K, committed 78592K, reserved 1179648K
  class space    used 7990K, committed 8704K, reserved 1048576K
}
Event: 196.306 GC heap after
{Heap after GC invocations=155 (full 3):
 PSYoungGen      total 8704K, used 901K [0x00000000d5580000, 0x00000000d5f80000, 0x0000000100000000)
  eden space 7168K, 0% used [0x00000000d5580000,0x00000000d5580000,0x00000000d5c80000)
  from space 1536K, 58% used [0x00000000d5e00000,0x00000000d5ee16c8,0x00000000d5f80000)
  to   space 1536K, 0% used [0x00000000d5c80000,0x00000000d5c80000,0x00000000d5e00000)
 ParOldGen       total 141312K, used 141145K [0x0000000080000000, 0x0000000088a00000, 0x00000000d5580000)
  object space 141312K, 99% used [0x0000000080000000,0x00000000889d6418,0x0000000088a00000)
 Metaspace       used 76887K, committed 78592K, reserved 1179648K
  class space    used 7990K, committed 8704K, reserved 1048576K
}
Event: 196.638 GC heap before
{Heap before GC invocations=156 (full 3):
 PSYoungGen      total 8704K, used 8069K [0x00000000d5580000, 0x00000000d5f80000, 0x0000000100000000)
  eden space 7168K, 100% used [0x00000000d5580000,0x00000000d5c80000,0x00000000d5c80000)
  from space 1536K, 58% used [0x00000000d5e00000,0x00000000d5ee16c8,0x00000000d5f80000)
  to   space 1536K, 0% used [0x00000000d5c80000,0x00000000d5c80000,0x00000000d5e00000)
 ParOldGen       total 141312K, used 141145K [0x0000000080000000, 0x0000000088a00000, 0x00000000d5580000)
  object space 141312K, 99% used [0x0000000080000000,0x00000000889d6418,0x0000000088a00000)
 Metaspace       used 77818K, committed 79488K, reserved 1179648K
  class space    used 8112K, committed 8832K, reserved 1048576K
}
Event: 196.642 GC heap after
{Heap after GC invocations=156 (full 3):
 PSYoungGen      total 7680K, used 492K [0x00000000d5580000, 0x00000000d5e80000, 0x0000000100000000)
  eden space 7168K, 0% used [0x00000000d5580000,0x00000000d5580000,0x00000000d5c80000)
  from space 512K, 96% used [0x00000000d5c80000,0x00000000d5cfb078,0x00000000d5d00000)
  to   space 1024K, 0% used [0x00000000d5d80000,0x00000000d5d80000,0x00000000d5e80000)
 ParOldGen       total 142336K, used 141894K [0x0000000080000000, 0x0000000088b00000, 0x00000000d5580000)
  object space 142336K, 99% used [0x0000000080000000,0x0000000088a91bd0,0x0000000088b00000)
 Metaspace       used 77818K, committed 79488K, reserved 1179648K
  class space    used 8112K, committed 8832K, reserved 1048576K
}
Event: 197.438 GC heap before
{Heap before GC invocations=157 (full 3):
 PSYoungGen      total 7680K, used 7660K [0x00000000d5580000, 0x00000000d5e80000, 0x0000000100000000)
  eden space 7168K, 100% used [0x00000000d5580000,0x00000000d5c80000,0x00000000d5c80000)
  from space 512K, 96% used [0x00000000d5c80000,0x00000000d5cfb078,0x00000000d5d00000)
  to   space 1024K, 0% used [0x00000000d5d80000,0x00000000d5d80000,0x00000000d5e80000)
 ParOldGen       total 142336K, used 141894K [0x0000000080000000, 0x0000000088b00000, 0x00000000d5580000)
  object space 142336K, 99% used [0x0000000080000000,0x0000000088a91bd0,0x0000000088b00000)
 Metaspace       used 77875K, committed 79552K, reserved 1179648K
  class space    used 8115K, committed 8832K, reserved 1048576K
}
Event: 197.440 GC heap after
{Heap after GC invocations=157 (full 3):
 PSYoungGen      total 8192K, used 730K [0x00000000d5580000, 0x00000000d5e80000, 0x0000000100000000)
  eden space 7168K, 0% used [0x00000000d5580000,0x00000000d5580000,0x00000000d5c80000)
  from space 1024K, 71% used [0x00000000d5d80000,0x00000000d5e36900,0x00000000d5e80000)
  to   space 1024K, 0% used [0x00000000d5c80000,0x00000000d5c80000,0x00000000d5d80000)
 ParOldGen       total 142336K, used 142086K [0x0000000080000000, 0x0000000088b00000, 0x00000000d5580000)
  object space 142336K, 99% used [0x0000000080000000,0x0000000088ac1bd0,0x0000000088b00000)
 Metaspace       used 77875K, committed 79552K, reserved 1179648K
  class space    used 8115K, committed 8832K, reserved 1048576K
}
Event: 197.491 GC heap before
{Heap before GC invocations=158 (full 3):
 PSYoungGen      total 8192K, used 7898K [0x00000000d5580000, 0x00000000d5e80000, 0x0000000100000000)
  eden space 7168K, 100% used [0x00000000d5580000,0x00000000d5c80000,0x00000000d5c80000)
  from space 1024K, 71% used [0x00000000d5d80000,0x00000000d5e36900,0x00000000d5e80000)
  to   space 1024K, 0% used [0x00000000d5c80000,0x00000000d5c80000,0x00000000d5d80000)
 ParOldGen       total 142336K, used 142086K [0x0000000080000000, 0x0000000088b00000, 0x00000000d5580000)
  object space 142336K, 99% used [0x0000000080000000,0x0000000088ac1bd0,0x0000000088b00000)
 Metaspace       used 77888K, committed 79552K, reserved 1179648K
  class space    used 8115K, committed 8832K, reserved 1048576K
}
Event: 197.495 GC heap after
{Heap after GC invocations=158 (full 3):
 PSYoungGen      total 8192K, used 1024K [0x00000000d5580000, 0x00000000d6180000, 0x0000000100000000)
  eden space 7168K, 0% used [0x00000000d5580000,0x00000000d5580000,0x00000000d5c80000)
  from space 1024K, 100% used [0x00000000d5c80000,0x00000000d5d80000,0x00000000d5d80000)
  to   space 2560K, 0% used [0x00000000d5f00000,0x00000000d5f00000,0x00000000d6180000)
 ParOldGen       total 143360K, used 142985K [0x0000000080000000, 0x0000000088c00000, 0x00000000d5580000)
  object space 143360K, 99% used [0x0000000080000000,0x0000000088ba2660,0x0000000088c00000)
 Metaspace       used 77888K, committed 79552K, reserved 1179648K
  class space    used 8115K, committed 8832K, reserved 1048576K
}
Event: 197.562 GC heap before
{Heap before GC invocations=159 (full 3):
 PSYoungGen      total 8192K, used 8192K [0x00000000d5580000, 0x00000000d6180000, 0x0000000100000000)
  eden space 7168K, 100% used [0x00000000d5580000,0x00000000d5c80000,0x00000000d5c80000)
  from space 1024K, 100% used [0x00000000d5c80000,0x00000000d5d80000,0x00000000d5d80000)
  to   space 2560K, 0% used [0x00000000d5f00000,0x00000000d5f00000,0x00000000d6180000)
 ParOldGen       total 143360K, used 142985K [0x0000000080000000, 0x0000000088c00000, 0x00000000d5580000)
  object space 143360K, 99% used [0x0000000080000000,0x0000000088ba2660,0x0000000088c00000)
 Metaspace       used 77911K, committed 79616K, reserved 1179648K
  class space    used 8115K, committed 8832K, reserved 1048576K
}
Event: 197.567 GC heap after
{Heap after GC invocations=159 (full 3):
 PSYoungGen      total 8704K, used 1252K [0x00000000d5580000, 0x00000000d6080000, 0x0000000100000000)
  eden space 7168K, 0% used [0x00000000d5580000,0x00000000d5580000,0x00000000d5c80000)
  from space 1536K, 81% used [0x00000000d5f00000,0x00000000d6039210,0x00000000d6080000)
  to   space 1536K, 0% used [0x00000000d5d80000,0x00000000d5d80000,0x00000000d5f00000)
 ParOldGen       total 144384K, used 143969K [0x0000000080000000, 0x0000000088d00000, 0x00000000d5580000)
  object space 144384K, 99% used [0x0000000080000000,0x0000000088c98660,0x0000000088d00000)
 Metaspace       used 77911K, committed 79616K, reserved 1179648K
  class space    used 8115K, committed 8832K, reserved 1048576K
}
Event: 197.589 GC heap before
{Heap before GC invocations=160 (full 3):
 PSYoungGen      total 8704K, used 8420K [0x00000000d5580000, 0x00000000d6080000, 0x0000000100000000)
  eden space 7168K, 100% used [0x00000000d5580000,0x00000000d5c80000,0x00000000d5c80000)
  from space 1536K, 81% used [0x00000000d5f00000,0x00000000d6039210,0x00000000d6080000)
  to   space 1536K, 0% used [0x00000000d5d80000,0x00000000d5d80000,0x00000000d5f00000)
 ParOldGen       total 144384K, used 143969K [0x0000000080000000, 0x0000000088d00000, 0x00000000d5580000)
  object space 144384K, 99% used [0x0000000080000000,0x0000000088c98660,0x0000000088d00000)
 Metaspace       used 77919K, committed 79616K, reserved 1179648K
  class space    used 8115K, committed 8832K, reserved 1048576K
}
Event: 197.593 GC heap after
{Heap after GC invocations=160 (full 3):
 PSYoungGen      total 8192K, used 688K [0x00000000d5580000, 0x00000000d5f80000, 0x0000000100000000)
  eden space 7168K, 0% used [0x00000000d5580000,0x00000000d5580000,0x00000000d5c80000)
  from space 1024K, 67% used [0x00000000d5d80000,0x00000000d5e2c010,0x00000000d5e80000)
  to   space 1024K, 0% used [0x00000000d5e80000,0x00000000d5e80000,0x00000000d5f80000)
 ParOldGen       total 145408K, used 145072K [0x0000000080000000, 0x0000000088e00000, 0x00000000d5580000)
  object space 145408K, 99% used [0x0000000080000000,0x0000000088dac280,0x0000000088e00000)
 Metaspace       used 77919K, committed 79616K, reserved 1179648K
  class space    used 8115K, committed 8832K, reserved 1048576K
}
Event: 197.655 GC heap before
{Heap before GC invocations=161 (full 3):
 PSYoungGen      total 8192K, used 7856K [0x00000000d5580000, 0x00000000d5f80000, 0x0000000100000000)
  eden space 7168K, 100% used [0x00000000d5580000,0x00000000d5c80000,0x00000000d5c80000)
  from space 1024K, 67% used [0x00000000d5d80000,0x00000000d5e2c010,0x00000000d5e80000)
  to   space 1024K, 0% used [0x00000000d5e80000,0x00000000d5e80000,0x00000000d5f80000)
 ParOldGen       total 145408K, used 145072K [0x0000000080000000, 0x0000000088e00000, 0x00000000d5580000)
  object space 145408K, 99% used [0x0000000080000000,0x0000000088dac280,0x0000000088e00000)
 Metaspace       used 77928K, committed 79616K, reserved 1179648K
  class space    used 8115K, committed 8832K, reserved 1048576K
}
Event: 197.659 GC heap after
{Heap after GC invocations=161 (full 3):
 PSYoungGen      total 7168K, used 1024K [0x00000000d5580000, 0x00000000d6280000, 0x0000000100000000)
  eden space 6144K, 0% used [0x00000000d5580000,0x00000000d5580000,0x00000000d5b80000)
  from space 1024K, 100% used [0x00000000d5e80000,0x00000000d5f80000,0x00000000d5f80000)
  to   space 3072K, 0% used [0x00000000d5b80000,0x00000000d5b80000,0x00000000d5e80000)
 ParOldGen       total 146432K, used 146391K [0x0000000080000000, 0x0000000088f00000, 0x00000000d5580000)
  object space 146432K, 99% used [0x0000000080000000,0x0000000088ef5ee0,0x0000000088f00000)
 Metaspace       used 77928K, committed 79616K, reserved 1179648K
  class space    used 8115K, committed 8832K, reserved 1048576K
}
Event: 198.049 GC heap before
{Heap before GC invocations=162 (full 3):
 PSYoungGen      total 7168K, used 7168K [0x00000000d5580000, 0x00000000d6280000, 0x0000000100000000)
  eden space 6144K, 100% used [0x00000000d5580000,0x00000000d5b80000,0x00000000d5b80000)
  from space 1024K, 100% used [0x00000000d5e80000,0x00000000d5f80000,0x00000000d5f80000)
  to   space 3072K, 0% used [0x00000000d5b80000,0x00000000d5b80000,0x00000000d5e80000)
 ParOldGen       total 146432K, used 146391K [0x0000000080000000, 0x0000000088f00000, 0x00000000d5580000)
  object space 146432K, 99% used [0x0000000080000000,0x0000000088ef5ee0,0x0000000088f00000)
 Metaspace       used 77958K, committed 79616K, reserved 1179648K
  class space    used 8115K, committed 8832K, reserved 1048576K
}
Event: 198.054 GC heap after
{Heap after GC invocations=162 (full 3):
 PSYoungGen      total 7168K, used 576K [0x00000000d5580000, 0x00000000d5f00000, 0x0000000100000000)
  eden space 6144K, 0% used [0x00000000d5580000,0x00000000d5580000,0x00000000d5b80000)
  from space 1024K, 56% used [0x00000000d5b80000,0x00000000d5c10000,0x00000000d5c80000)
  to   space 1536K, 0% used [0x00000000d5d80000,0x00000000d5d80000,0x00000000d5f00000)
 ParOldGen       total 147456K, used 147415K [0x0000000080000000, 0x0000000089000000, 0x00000000d5580000)
  object space 147456K, 99% used [0x0000000080000000,0x0000000088ff5ef0,0x0000000089000000)
 Metaspace       used 77958K, committed 79616K, reserved 1179648K
  class space    used 8115K, committed 8832K, reserved 1048576K
}
Event: 205.148 GC heap before
{Heap before GC invocations=163 (full 3):
 PSYoungGen      total 7168K, used 4220K [0x00000000d5580000, 0x00000000d5f00000, 0x0000000100000000)
  eden space 6144K, 59% used [0x00000000d5580000,0x00000000d590f0e8,0x00000000d5b80000)
  from space 1024K, 56% used [0x00000000d5b80000,0x00000000d5c10000,0x00000000d5c80000)
  to   space 1536K, 0% used [0x00000000d5d80000,0x00000000d5d80000,0x00000000d5f00000)
 ParOldGen       total 147456K, used 147415K [0x0000000080000000, 0x0000000089000000, 0x00000000d5580000)
  object space 147456K, 99% used [0x0000000080000000,0x0000000088ff5ef0,0x0000000089000000)
 Metaspace       used 77979K, committed 79680K, reserved 1179648K
  class space    used 8115K, committed 8832K, reserved 1048576K
}
Event: 205.151 GC heap after
{Heap after GC invocations=163 (full 3):
 PSYoungGen      total 6656K, used 270K [0x00000000d5580000, 0x00000000d5e00000, 0x0000000100000000)
  eden space 6144K, 0% used [0x00000000d5580000,0x00000000d5580000,0x00000000d5b80000)
  from space 512K, 52% used [0x00000000d5d80000,0x00000000d5dc3878,0x00000000d5e00000)
  to   space 512K, 0% used [0x00000000d5d00000,0x00000000d5d00000,0x00000000d5d80000)
 ParOldGen       total 147968K, used 147863K [0x0000000080000000, 0x0000000089080000, 0x00000000d5580000)
  object space 147968K, 99% used [0x0000000080000000,0x0000000089065ef0,0x0000000089080000)
 Metaspace       used 77979K, committed 79680K, reserved 1179648K
  class space    used 8115K, committed 8832K, reserved 1048576K
}
Event: 205.151 GC heap before
{Heap before GC invocations=164 (full 4):
 PSYoungGen      total 6656K, used 270K [0x00000000d5580000, 0x00000000d5e00000, 0x0000000100000000)
  eden space 6144K, 0% used [0x00000000d5580000,0x00000000d5580000,0x00000000d5b80000)
  from space 512K, 52% used [0x00000000d5d80000,0x00000000d5dc3878,0x00000000d5e00000)
  to   space 512K, 0% used [0x00000000d5d00000,0x00000000d5d00000,0x00000000d5d80000)
 ParOldGen       total 147968K, used 147863K [0x0000000080000000, 0x0000000089080000, 0x00000000d5580000)
  object space 147968K, 99% used [0x0000000080000000,0x0000000089065ef0,0x0000000089080000)
 Metaspace       used 77979K, committed 79680K, reserved 1179648K
  class space    used 8115K, committed 8832K, reserved 1048576K
}

